app/build/intermediates/manifest_merge_blame_file/debug/manifest-merger-blame-debug-report.txt
1<?xml version="1.0" encoding="utf-8"?>
2<manifest xmlns:android="http://schemas.android.com/apk/res/android"
3    package="com.example.justclean_mvvm_post"
4    android:versionCode="1"
5    android:versionName="1.0" >
6
7    <uses-sdk
8        android:minSdkVersion="16"
8-->src/main/AndroidManifest.xml
9        android:targetSdkVersion="30" />
9-->src/main/AndroidManifest.xml
10
11    <uses-permission android:name="android.permission.INTERNET" />
11-->src/main/AndroidManifest.xml:5:5-67
11-->src/main/AndroidManifest.xml:5:22-64
12    <uses-permission android:name="android.permission.ACCESS_NETWORK_STATE" />
12-->src/main/AndroidManifest.xml:6:5-78
12-->src/main/AndroidManifest.xml:6:22-76
13
14    <application
14-->src/main/AndroidManifest.xml:8:5-34:19
15        android:name="com.example.justclean_mvvm_post.App"
15-->src/main/AndroidManifest.xml:10:9-28
16        android:allowBackup="true"
16-->src/main/AndroidManifest.xml:9:9-35
17        android:appComponentFactory="androidx.core.app.CoreComponentFactory"
17-->[androidx.core:core:1.3.2] AndroidManifest.xml:24:18-86
18        android:debuggable="true"
19        android:icon="@mipmap/ic_launcher"
19-->src/main/AndroidManifest.xml:11:9-43
20        android:label="@string/app_name"
20-->src/main/AndroidManifest.xml:12:9-41
21        android:roundIcon="@mipmap/ic_launcher_round"
21-->src/main/AndroidManifest.xml:13:9-54
22        android:supportsRtl="true"
22-->src/main/AndroidManifest.xml:14:9-35
23        android:testOnly="true"
24        android:theme="@style/AppTheme" >
24-->src/main/AndroidManifest.xml:15:9-40
25        <activity
25-->src/main/AndroidManifest.xml:16:9-24:20
26            android:name="com.example.justclean_mvvm_post.ui.MainActivity"
26-->src/main/AndroidManifest.xml:17:13-44
27            android:label="@string/app_name" >
27-->src/main/AndroidManifest.xml:18:13-45
28            <intent-filter>
28-->src/main/AndroidManifest.xml:19:13-23:29
29                <action android:name="android.intent.action.MAIN" />
29-->src/main/AndroidManifest.xml:20:17-69
29-->src/main/AndroidManifest.xml:20:25-66
30
31                <category android:name="android.intent.category.LAUNCHER" />
31-->src/main/AndroidManifest.xml:22:17-77
31-->src/main/AndroidManifest.xml:22:27-74
32            </intent-filter>
33        </activity>
34
35        <receiver
35-->src/main/AndroidManifest.xml:26:9-32:20
36            android:name="com.example.justclean_mvvm_post.utils.NetworkChangeReceiver"
36-->src/main/AndroidManifest.xml:27:13-56
37            android:enabled="true" >
37-->src/main/AndroidManifest.xml:28:13-35
38            <intent-filter>
38-->src/main/AndroidManifest.xml:29:13-31:29
39                <action android:name="android.net.conn.CONNECTIVITY_CHANGE" />
39-->src/main/AndroidManifest.xml:30:17-79
39-->src/main/AndroidManifest.xml:30:25-76
40            </intent-filter>
41        </receiver>
42
43        <service
43-->[androidx.room:room-runtime:2.2.5] AndroidManifest.xml:25:9-28:40
44            android:name="androidx.room.MultiInstanceInvalidationService"
44-->[androidx.room:room-runtime:2.2.5] AndroidManifest.xml:26:13-74
45            android:directBootAware="true"
45-->[androidx.room:room-runtime:2.2.5] AndroidManifest.xml:27:13-43
46            android:exported="false" />
46-->[androidx.room:room-runtime:2.2.5] AndroidManifest.xml:28:13-37
47
48        <provider
48-->[androidx.lifecycle:lifecycle-process:2.2.0] AndroidManifest.xml:25:9-29:43
49            android:name="androidx.lifecycle.ProcessLifecycleOwnerInitializer"
49-->[androidx.lifecycle:lifecycle-process:2.2.0] AndroidManifest.xml:26:13-79
50            android:authorities="com.example.justclean_mvvm_post.lifecycle-process"
50-->[androidx.lifecycle:lifecycle-process:2.2.0] AndroidManifest.xml:27:13-69
51            android:exported="false"
51-->[androidx.lifecycle:lifecycle-process:2.2.0] AndroidManifest.xml:28:13-37
52            android:multiprocess="true" />
52-->[androidx.lifecycle:lifecycle-process:2.2.0] AndroidManifest.xml:29:13-40
53    </application>
54
55</manifest>